<?xml version="1.0" encoding="UTF-8"?>
<!-- Generated by org.testng.reporters.JUnitReportReporter -->
<testsuite skipped="0" hostname="Anastasiyas-MacBook-Pro.local" name="scripts.MainMenuTest" tests="5" failures="0" timestamp="2023-01-30T12:29:44 CST" time="158.855" errors="0">
  <testcase name="validateMainMenuItems" time="26.722" classname="scripts.MainMenuTest"/>
  <system-out/>
  <testcase name="validateBookTravelMenu" time="26.158" classname="scripts.MainMenuTest"/>
  <system-out/>
  <testcase name="validateRadioButtons" time="30.287" classname="scripts.MainMenuTest"/>
  <system-out/>
  <testcase name="validateCheckboxes" time="30.784" classname="scripts.MainMenuTest"/>
  <system-out/>
  <testcase name="validateTicketSearch" time="44.904" classname="scripts.MainMenuTest"/>
  <system-out/>
</testsuite> <!-- scripts.MainMenuTest -->
